<testsuite failures="0" name="wolox/naiofy_features/lista-de-albumes.feature" skipped="0" tests="2" time="6.560907">
  <testcase classname="wolox.naiofy_features.lista-de-albumes" name="listado de albumes" time="3.275894">
    <system-out>* url pageUrl ............................................................. passed
* def jsonAlbumesList = read('../jsons/response-lista-albumes.json') ...... passed
* def typeUser = 'adminUser' == 'adminUser' ? adminUser : regularUser ..... passed
And def dataLogin = call read('login.feature@LoginUser') {email: '#(typeUser)'} . passed
Given path 'albums' ....................................................... passed
And header Authorization = dataLogin.responseHeaders.Authorization[0] ..... passed
When method get ........................................................... passed
And match each response == jsonAlbumesList ................................ passed
Then status 200 ........................................................... passed</system-out>
  </testcase>
  <testcase classname="wolox.naiofy_features.lista-de-albumes" name="listado de albumes" time="3.285013">
    <system-out>* url pageUrl ............................................................. passed
* def jsonAlbumesList = read('../jsons/response-lista-albumes.json') ...... passed
* def typeUser = 'adminUser' == 'adminUser' ? adminUser : regularUser ..... passed
And def dataLogin = call read('login.feature@LoginUser') {email: '#(typeUser)'} . passed
Given path 'albums' ....................................................... passed
And header Authorization = dataLogin.responseHeaders.Authorization[0] ..... passed
When method get ........................................................... passed
And match each response == jsonAlbumesList ................................ passed
Then status 200 ........................................................... passed
* url pageUrl ............................................................. passed
* def jsonAlbumesList = read('../jsons/response-lista-albumes.json') ...... passed
* def typeUser = 'regularUser' == 'adminUser' ? adminUser : regularUser ... passed
And def dataLogin = call read('login.feature@LoginUser') {email: '#(typeUser)'} . passed
Given path 'albums' ....................................................... passed
And header Authorization = dataLogin.responseHeaders.Authorization[0] ..... passed
When method get ........................................................... passed
And match each response == jsonAlbumesList ................................ passed
Then status 200 ........................................................... passed</system-out>
  </testcase>
</testsuite>
