<testsuite failures="0" name="woloxn/Naiofy/lista-de-fotos.feature" skipped="0" tests="2" time="10.275557">
  <testcase classname="woloxn.Naiofy.lista-de-fotos" name="lista de fotos de un album" time="4.968409">
    <system-out>* url pageUrl ............................................................. passed
* def dataAlbumes = call read('lista-de-albumes.feature') ................. passed
* def jsonBodyList = read('./jsons/response-lista-fotos.json') ............ passed
* def typeUser = 'adminUser' == 'adminUser' ? adminUser : regularUser ..... passed
And def dataLogin = call read('login.feature@LoginUser') {email: '#(typeUser)'} . passed
* def idAlbum = dataAlbumes.response[6].id ................................ passed
Given path 'albums/'+idAlbum+'/photos' .................................... passed
And header Authorization = dataLogin.responseHeaders.Authorization[0] ..... passed
When method get ........................................................... passed
And match each response == jsonBodyList ................................... passed
Then status 200 ........................................................... passed</system-out>
  </testcase>
  <testcase classname="woloxn.Naiofy.lista-de-fotos" name="lista de fotos de un album" time="5.307147">
    <system-out>* url pageUrl ............................................................. passed
* def dataAlbumes = call read('lista-de-albumes.feature') ................. passed
* def jsonBodyList = read('./jsons/response-lista-fotos.json') ............ passed
* def typeUser = 'adminUser' == 'adminUser' ? adminUser : regularUser ..... passed
And def dataLogin = call read('login.feature@LoginUser') {email: '#(typeUser)'} . passed
* def idAlbum = dataAlbumes.response[6].id ................................ passed
Given path 'albums/'+idAlbum+'/photos' .................................... passed
And header Authorization = dataLogin.responseHeaders.Authorization[0] ..... passed
When method get ........................................................... passed
And match each response == jsonBodyList ................................... passed
Then status 200 ........................................................... passed
* url pageUrl ............................................................. passed
* def dataAlbumes = call read('lista-de-albumes.feature') ................. passed
* def jsonBodyList = read('./jsons/response-lista-fotos.json') ............ passed
* def typeUser = 'regularUser' == 'adminUser' ? adminUser : regularUser ... passed
And def dataLogin = call read('login.feature@LoginUser') {email: '#(typeUser)'} . passed
* def idAlbum = dataAlbumes.response[6].id ................................ passed
Given path 'albums/'+idAlbum+'/photos' .................................... passed
And header Authorization = dataLogin.responseHeaders.Authorization[0] ..... passed
When method get ........................................................... passed
And match each response == jsonBodyList ................................... passed
Then status 200 ........................................................... passed</system-out>
  </testcase>
</testsuite>
